<?xml version="1.0" encoding="UTF-8"?>
<testng-results ignored="0" total="1" passed="1" failed="0" skipped="0">
  <reporter-output>
    <line>
      <![CDATA[Navigating to the URL]]>
    </line>
    <line>
      <![CDATA[<a target ="_blank" href="C:\Users\malam\error.jpg">Screenshot></a>]]>
    </line>
    <line>
      <![CDATA[<a target ="_blank" href="C:\Users\malam\error.jpg"><img src = "C:\Users\malam\error.jpg"></img></a>]]>
    </line>
  </reporter-output>
  <suite started-at="2021-11-27T09:17:14 MST" name="Suite" finished-at="2021-11-27T09:17:18 MST" duration-ms="4315">
    <groups>
    </groups>
    <test started-at="2021-11-27T09:17:14 MST" name="Test" finished-at="2021-11-27T09:17:18 MST" duration-ms="4315">
      <class name="myway2automation.testcases.logintTest">
        <test-method is-config="true" signature="setUp()[pri:0, instance:myway2automation.testcases.logintTest@f1da57d]" started-at="2021-11-27T09:17:14 MST" name="setUp" finished-at="2021-11-27T09:17:18 MST" duration-ms="4279" status="PASS">
          <reporter-output>
            <line>
              <![CDATA[Navigating to the URL]]>
            </line>
            <line>
              <![CDATA[<a target ="_blank" href="C:\Users\malam\error.jpg">Screenshot></a>]]>
            </line>
            <line>
              <![CDATA[<a target ="_blank" href="C:\Users\malam\error.jpg"><img src = "C:\Users\malam\error.jpg"></img></a>]]>
            </line>
          </reporter-output>
        </test-method> <!-- setUp -->
        <test-method signature="doLoginTest()[pri:0, instance:myway2automation.testcases.logintTest@f1da57d]" started-at="2021-11-27T09:17:18 MST" name="doLoginTest" finished-at="2021-11-27T09:17:18 MST" duration-ms="4" status="PASS">
          <reporter-output>
          </reporter-output>
        </test-method> <!-- doLoginTest -->
        <test-method is-config="true" signature="tearDown()[pri:0, instance:myway2automation.testcases.logintTest@f1da57d]" started-at="2021-11-27T09:17:18 MST" name="tearDown" finished-at="2021-11-27T09:17:19 MST" duration-ms="644" status="PASS">
          <reporter-output>
          </reporter-output>
        </test-method> <!-- tearDown -->
      </class> <!-- myway2automation.testcases.logintTest -->
    </test> <!-- Test -->
  </suite> <!-- Suite -->
</testng-results>
